Debug|Reading config...
Debug|Reading referenced images from 'C:\Users\gokul\Desktop\Tools\Bip U custom watch face maker\Faces\Sample-1'
Trace|Loading images for 2 'Background'
Trace|Loading images for 2.1 'Image'
Trace|Loading image 0...
Trace|Image was loaded from file C:\Users\gokul\Desktop\Tools\Bip U custom watch face maker\Faces\Sample-1\0000.png
Trace|Loading images for 3 'Time'
Trace|Loading images for 3.1 'TwoDigits'
Trace|Loading images for 3.1.1 'ImageSet'
Trace|Loading image 1...
Trace|Image was loaded from file C:\Users\gokul\Desktop\Tools\Bip U custom watch face maker\Faces\Sample-1\0100.png
Trace|Loading image 2...
Trace|Image was loaded from file C:\Users\gokul\Desktop\Tools\Bip U custom watch face maker\Faces\Sample-1\0101.png
Trace|Loading image 3...
Trace|Image was loaded from file C:\Users\gokul\Desktop\Tools\Bip U custom watch face maker\Faces\Sample-1\0102.png
Trace|Loading image 4...
Trace|Image was loaded from file C:\Users\gokul\Desktop\Tools\Bip U custom watch face maker\Faces\Sample-1\0103.png
Trace|Loading image 5...
Trace|Image was loaded from file C:\Users\gokul\Desktop\Tools\Bip U custom watch face maker\Faces\Sample-1\0104.png
Trace|Loading image 6...
Trace|Image was loaded from file C:\Users\gokul\Desktop\Tools\Bip U custom watch face maker\Faces\Sample-1\0105.png
Trace|Loading image 7...
Trace|Image was loaded from file C:\Users\gokul\Desktop\Tools\Bip U custom watch face maker\Faces\Sample-1\0106.png
Trace|Loading image 8...
Trace|Image was loaded from file C:\Users\gokul\Desktop\Tools\Bip U custom watch face maker\Faces\Sample-1\0107.png
Trace|Loading image 9...
Trace|Image was loaded from file C:\Users\gokul\Desktop\Tools\Bip U custom watch face maker\Faces\Sample-1\0108.png
Trace|Loading image 10...
Trace|Image was loaded from file C:\Users\gokul\Desktop\Tools\Bip U custom watch face maker\Faces\Sample-1\0109.png
Trace|Loading images for 3.1.2 'ImageSet'
Trace|Loading images for 3.2 'TwoDigits'
Trace|Loading images for 3.2.1 'ImageSet'
Trace|Loading images for 3.2.2 'ImageSet'
Trace|Loading images for 3.3 'TwoDigits'
Trace|Loading images for 3.3.1 'ImageSet'
Trace|Loading images for 3.3.2 'ImageSet'
Trace|Loading images for 3.4 'AmPm'
Trace|Loading image 11...
Trace|Image was loaded from file C:\Users\gokul\Desktop\Tools\Bip U custom watch face maker\Faces\Sample-1\0110.png
Trace|Loading image 12...
Trace|Image was loaded from file C:\Users\gokul\Desktop\Tools\Bip U custom watch face maker\Faces\Sample-1\0111.png
Trace|Loading images for 9 'Battery'
Trace|Loading images for 9.1 'Number'
Trace|Loading images for 9.1.5 'TextAlignment'
Trace|Loading image 13...
Trace|Image was loaded from file C:\Users\gokul\Desktop\Tools\Bip U custom watch face maker\Faces\Sample-1\0130.png
Warn|Dithering applied for an image. Resource in watch face will use only supported colors. You can't get back original image by unpacking watch face.
Trace|Loading image 14...
Trace|Image was loaded from file C:\Users\gokul\Desktop\Tools\Bip U custom watch face maker\Faces\Sample-1\0131.png
Warn|Dithering applied for an image. Resource in watch face will use only supported colors. You can't get back original image by unpacking watch face.
Trace|Loading image 15...
Trace|Image was loaded from file C:\Users\gokul\Desktop\Tools\Bip U custom watch face maker\Faces\Sample-1\0132.png
Warn|Dithering applied for an image. Resource in watch face will use only supported colors. You can't get back original image by unpacking watch face.
Trace|Loading image 16...
Trace|Image was loaded from file C:\Users\gokul\Desktop\Tools\Bip U custom watch face maker\Faces\Sample-1\0133.png
Warn|Dithering applied for an image. Resource in watch face will use only supported colors. You can't get back original image by unpacking watch face.
Trace|Loading image 17...
Trace|Image was loaded from file C:\Users\gokul\Desktop\Tools\Bip U custom watch face maker\Faces\Sample-1\0134.png
Warn|Dithering applied for an image. Resource in watch face will use only supported colors. You can't get back original image by unpacking watch face.
Trace|Loading image 18...
Trace|Image was loaded from file C:\Users\gokul\Desktop\Tools\Bip U custom watch face maker\Faces\Sample-1\0135.png
Warn|Dithering applied for an image. Resource in watch face will use only supported colors. You can't get back original image by unpacking watch face.
Trace|Loading image 19...
Trace|Image was loaded from file C:\Users\gokul\Desktop\Tools\Bip U custom watch face maker\Faces\Sample-1\0136.png
Warn|Dithering applied for an image. Resource in watch face will use only supported colors. You can't get back original image by unpacking watch face.
Trace|Loading image 20...
Trace|Image was loaded from file C:\Users\gokul\Desktop\Tools\Bip U custom watch face maker\Faces\Sample-1\0137.png
Warn|Dithering applied for an image. Resource in watch face will use only supported colors. You can't get back original image by unpacking watch face.
Trace|Loading image 21...
Trace|Image was loaded from file C:\Users\gokul\Desktop\Tools\Bip U custom watch face maker\Faces\Sample-1\0138.png
Warn|Dithering applied for an image. Resource in watch face will use only supported colors. You can't get back original image by unpacking watch face.
Trace|Loading image 22...
Trace|Image was loaded from file C:\Users\gokul\Desktop\Tools\Bip U custom watch face maker\Faces\Sample-1\0139.png
Warn|Dithering applied for an image. Resource in watch face will use only supported colors. You can't get back original image by unpacking watch face.
Trace|Loading images for 9.2 'ImageSet'
Trace|Loading image 23...
Trace|Image was loaded from file C:\Users\gokul\Desktop\Tools\Bip U custom watch face maker\Faces\Sample-1\0360.png
Trace|Loading image 24...
Trace|Image was loaded from file C:\Users\gokul\Desktop\Tools\Bip U custom watch face maker\Faces\Sample-1\0361.png
Trace|Loading image 25...
Trace|Image was loaded from file C:\Users\gokul\Desktop\Tools\Bip U custom watch face maker\Faces\Sample-1\0362.png
Trace|Loading image 26...
Trace|Image was loaded from file C:\Users\gokul\Desktop\Tools\Bip U custom watch face maker\Faces\Sample-1\0363.png
Trace|Loading image 27...
Trace|Image was loaded from file C:\Users\gokul\Desktop\Tools\Bip U custom watch face maker\Faces\Sample-1\0364.png
Trace|Loading image 28...
Trace|Image was loaded from file C:\Users\gokul\Desktop\Tools\Bip U custom watch face maker\Faces\Sample-1\0365.png
Trace|Building parameters for watch face...
Trace|2 'Background'
Trace|2.1 'Image'
Trace|2.1.1 'X': 0
Trace|2.1.2 'Y': 0
Trace|2.1.3 'ImageIndex': 0
Trace|3 'Time'
Trace|3.1 'TwoDigits'
Trace|3.1.1 'ImageSet'
Trace|3.1.1.1 'X': 2
Trace|3.1.1.2 'Y': 2
Trace|3.1.1.3 'ImageIndex': 1
Trace|3.1.1.4 'ImagesCount': 10
Trace|3.1.2 'ImageSet'
Trace|3.1.2.1 'X': 149
Trace|3.1.2.2 'Y': 2
Trace|3.1.2.3 'ImageIndex': 1
Trace|3.1.2.4 'ImagesCount': 1
Trace|3.2 'TwoDigits'
Trace|3.2.1 'ImageSet'
Trace|3.2.1.1 'X': 2
Trace|3.2.1.2 'Y': 102
Trace|3.2.1.3 'ImageIndex': 1
Trace|3.2.1.4 'ImagesCount': 10
Trace|3.2.2 'ImageSet'
Trace|3.2.2.1 'X': 149
Trace|3.2.2.2 'Y': 102
Trace|3.2.2.3 'ImageIndex': 1
Trace|3.2.2.4 'ImagesCount': 10
Trace|3.3 'TwoDigits'
Trace|3.3.1 'ImageSet'
Trace|3.3.1.1 'X': 0
Trace|3.3.1.2 'Y': 0
Trace|3.3.1.3 'ImageIndex': 1
Trace|3.3.1.4 'ImagesCount': 10
Trace|3.3.2 'ImageSet'
Trace|3.3.2.1 'X': 0
Trace|3.3.2.2 'Y': 0
Trace|3.3.2.3 'ImageIndex': 1
Trace|3.3.2.4 'ImagesCount': 10
Trace|3.4 'AmPm'
Trace|3.4.1 'X': 78
Trace|3.4.2 'Y': 159
Trace|3.4.3 'ImageIndexAm': 11
Trace|3.4.4 'ImageIndexPm': 12
Trace|3.5 'DrawingOrder': 4660
Trace|9 'Battery'
Trace|9.1 'Number'
Trace|9.1.1 'TopLeftX': 74
Trace|9.1.2 'TopLeftY': 88
Trace|9.1.3 'BottomRightX': 99
Trace|9.1.4 'BottomRightY': 98
Trace|9.1.5 'Alignment': 72
Trace|9.1.6 'Spacing': 2
Trace|9.1.7 'ImageIndex': 13
Trace|9.1.8 'ImagesCount': 10
Trace|9.2 'ImageSet'
Trace|9.2.1 'X': 78
Trace|9.2.2 'Y': 75
Trace|9.2.3 'ImageIndex': 23
Trace|9.2.4 'ImagesCount': 6
Debug|Generating previews...
Debug|Writing watch face to 'C:\Users\gokul\Desktop\Tools\Bip U custom watch face maker\Faces\Sample-1\Sample-1_packed.bin'
Trace|Encoding parameters...
Trace|Parameter: 2
Trace|1 (0A):
Trace|    1 (08): 0 (00)
Trace|    2 (10): 0 (00)
Trace|    3 (18): 0 (00)
Trace|8 bytes
Trace|Parameter: 3
Trace|1 (0A):
Trace|    1 (0A):
Trace|        1 (08): 2 (02)
Trace|        2 (10): 2 (02)
Trace|        3 (18): 1 (01)
Trace|        4 (20): 10 (0A)
Trace|    10 bytes
Trace|    2 (12):
Trace|        1 (08): 149 (95)
Trace|        2 (10): 2 (02)
Trace|        3 (18): 1 (01)
Trace|        4 (20): 1 (01)
Trace|    11 bytes
Trace|23 bytes
Trace|2 (12):
Trace|    1 (0A):
Trace|        1 (08): 2 (02)
Trace|        2 (10): 102 (66)
Trace|        3 (18): 1 (01)
Trace|        4 (20): 10 (0A)
Trace|    10 bytes
Trace|    2 (12):
Trace|        1 (08): 149 (95)
Trace|        2 (10): 102 (66)
Trace|        3 (18): 1 (01)
Trace|        4 (20): 10 (0A)
Trace|    11 bytes
Trace|23 bytes
Trace|3 (1A):
Trace|    1 (0A):
Trace|        1 (08): 0 (00)
Trace|        2 (10): 0 (00)
Trace|        3 (18): 1 (01)
Trace|        4 (20): 10 (0A)
Trace|    10 bytes
Trace|    2 (12):
Trace|        1 (08): 0 (00)
Trace|        2 (10): 0 (00)
Trace|        3 (18): 1 (01)
Trace|        4 (20): 10 (0A)
Trace|    10 bytes
Trace|22 bytes
Trace|4 (22):
Trace|    1 (08): 78 (4E)
Trace|    2 (10): 159 (9F)
Trace|    3 (18): 11 (0B)
Trace|    4 (20): 12 (0C)
Trace|11 bytes
Trace|5 (28): 4660 (1234)
Trace|Parameter: 9
Trace|1 (0A):
Trace|    1 (08): 74 (4A)
Trace|    2 (10): 88 (58)
Trace|    3 (18): 99 (63)
Trace|    4 (20): 98 (62)
Trace|    5 (28): 72 (48)
Trace|    6 (30): 2 (02)
Trace|    7 (38): 13 (0D)
Trace|    8 (40): 10 (0A)
Trace|18 bytes
Trace|2 (12):
Trace|    1 (08): 78 (4E)
Trace|    2 (10): 75 (4B)
Trace|    3 (18): 23 (17)
Trace|    4 (20): 6 (06)
Trace|10 bytes
Trace|Encoding offsets and lengths...
Trace|1 (0A):
Trace|    1 (08): 118 (76)
Trace|    2 (10): 29 (1D)
Trace|6 bytes
Trace|2 (12):
Trace|    1 (08): 0 (00)
Trace|    2 (10): 8 (08)
Trace|6 bytes
Trace|3 (1A):
Trace|    1 (08): 8 (08)
Trace|    2 (10): 82 (52)
Trace|6 bytes
Trace|9 (4A):
Trace|    1 (08): 90 (5A)
Trace|    2 (10): 28 (1C)
Trace|6 bytes
Trace|Writing header...
Trace|Writing parameters offsets and lengths...
Trace|Writing parameters...
Trace|Writing images...
Trace|Image 0 offset is 0...
Debug|Encoding image 0...
Trace|Extracting palette...
Trace|Palette item 0: R 00, G 00, B 00
Trace|Writing image header...
Trace|Width: 176, Height: 176, RowLength: 22
Trace|BPP: 1, PaletteColors: 1, Transaparency: 0
Trace|Writing palette...
Trace|Writing image...
Trace|Image 1 offset is 3892...
Debug|Encoding image 1...
Trace|Extracting palette...
Trace|Palette item 0: R 00, G 00, B 00
Trace|Palette item 1: R FF, G FF, B FF
Trace|Writing image header...
Trace|Width: 25, Height: 72, RowLength: 4
Trace|BPP: 1, PaletteColors: 2, Transaparency: 0
Trace|Writing palette...
Trace|Writing image...
Trace|Image 2 offset is 4204...
Debug|Encoding image 2...
Trace|Extracting palette...
Trace|Palette item 0: R 00, G 00, B 00
Trace|Palette item 1: R FF, G FF, B FF
Trace|Writing image header...
Trace|Width: 25, Height: 72, RowLength: 4
Trace|BPP: 1, PaletteColors: 2, Transaparency: 0
Trace|Writing palette...
Trace|Writing image...
Trace|Image 3 offset is 4516...
Debug|Encoding image 3...
Trace|Extracting palette...
Trace|Palette item 0: R 00, G 00, B 00
Trace|Palette item 1: R FF, G FF, B FF
Trace|Writing image header...
Trace|Width: 25, Height: 72, RowLength: 4
Trace|BPP: 1, PaletteColors: 2, Transaparency: 0
Trace|Writing palette...
Trace|Writing image...
Trace|Image 4 offset is 4828...
Debug|Encoding image 4...
Trace|Extracting palette...
Trace|Palette item 0: R 00, G 00, B 00
Trace|Palette item 1: R FF, G FF, B FF
Trace|Writing image header...
Trace|Width: 25, Height: 72, RowLength: 4
Trace|BPP: 1, PaletteColors: 2, Transaparency: 0
Trace|Writing palette...
Trace|Writing image...
Trace|Image 5 offset is 5140...
Debug|Encoding image 5...
Trace|Extracting palette...
Trace|Palette item 0: R 00, G 00, B 00
Trace|Palette item 1: R FF, G FF, B FF
Trace|Writing image header...
Trace|Width: 25, Height: 72, RowLength: 4
Trace|BPP: 1, PaletteColors: 2, Transaparency: 0
Trace|Writing palette...
Trace|Writing image...
Trace|Image 6 offset is 5452...
Debug|Encoding image 6...
Trace|Extracting palette...
Trace|Palette item 0: R 00, G 00, B 00
Trace|Palette item 1: R FF, G FF, B FF
Trace|Writing image header...
Trace|Width: 25, Height: 72, RowLength: 4
Trace|BPP: 1, PaletteColors: 2, Transaparency: 0
Trace|Writing palette...
Trace|Writing image...
Trace|Image 7 offset is 5764...
Debug|Encoding image 7...
Trace|Extracting palette...
Trace|Palette item 0: R 00, G 00, B 00
Trace|Palette item 1: R FF, G FF, B FF
Trace|Writing image header...
Trace|Width: 25, Height: 72, RowLength: 4
Trace|BPP: 1, PaletteColors: 2, Transaparency: 0
Trace|Writing palette...
Trace|Writing image...
Trace|Image 8 offset is 6076...
Debug|Encoding image 8...
Trace|Extracting palette...
Trace|Palette item 0: R 00, G 00, B 00
Trace|Palette item 1: R FF, G FF, B FF
Trace|Writing image header...
Trace|Width: 25, Height: 72, RowLength: 4
Trace|BPP: 1, PaletteColors: 2, Transaparency: 0
Trace|Writing palette...
Trace|Writing image...
Trace|Image 9 offset is 6388...
Debug|Encoding image 9...
Trace|Extracting palette...
Trace|Palette item 0: R 00, G 00, B 00
Trace|Palette item 1: R FF, G FF, B FF
Trace|Writing image header...
Trace|Width: 25, Height: 72, RowLength: 4
Trace|BPP: 1, PaletteColors: 2, Transaparency: 0
Trace|Writing palette...
Trace|Writing image...
Trace|Image 10 offset is 6700...
Debug|Encoding image 10...
Trace|Extracting palette...
Trace|Palette item 0: R 00, G 00, B 00
Trace|Palette item 1: R FF, G FF, B FF
Trace|Writing image header...
Trace|Width: 25, Height: 72, RowLength: 4
Trace|BPP: 1, PaletteColors: 2, Transaparency: 0
Trace|Writing palette...
Trace|Writing image...
Trace|Image 11 offset is 7012...
Debug|Encoding image 11...
Trace|Extracting palette...
Trace|Palette item 0: R 00, G 00, B 00
Trace|Palette item 1: R FF, G FF, B FF
Trace|Writing image header...
Trace|Width: 22, Height: 12, RowLength: 3
Trace|BPP: 1, PaletteColors: 2, Transaparency: 0
Trace|Writing palette...
Trace|Writing image...
Trace|Image 12 offset is 7072...
Debug|Encoding image 12...
Trace|Extracting palette...
Trace|Palette item 0: R 00, G 00, B 00
Trace|Palette item 1: R FF, G FF, B FF
Trace|Writing image header...
Trace|Width: 22, Height: 12, RowLength: 3
Trace|BPP: 1, PaletteColors: 2, Transaparency: 0
Trace|Writing palette...
Trace|Writing image...
Trace|Image 13 offset is 7132...
Debug|Encoding image 13...
Trace|Extracting palette...
Trace|Palette item 0: R FF, G FF, B FF
Trace|Palette item 1: R 00, G 00, B 00
Trace|Writing image header...
Trace|Width: 7, Height: 10, RowLength: 1
Trace|BPP: 1, PaletteColors: 2, Transaparency: 0
Trace|Writing palette...
Trace|Writing image...
Trace|Image 14 offset is 7166...
Debug|Encoding image 14...
Trace|Extracting palette...
Trace|Palette item 0: R 00, G 00, B 00
Trace|Palette item 1: R FF, G FF, B FF
Trace|Writing image header...
Trace|Width: 7, Height: 10, RowLength: 1
Trace|BPP: 1, PaletteColors: 2, Transaparency: 0
Trace|Writing palette...
Trace|Writing image...
Trace|Image 15 offset is 7200...
Debug|Encoding image 15...
Trace|Extracting palette...
Trace|Palette item 0: R FF, G FF, B FF
Trace|Palette item 1: R 00, G 00, B 00
Trace|Writing image header...
Trace|Width: 7, Height: 10, RowLength: 1
Trace|BPP: 1, PaletteColors: 2, Transaparency: 0
Trace|Writing palette...
Trace|Writing image...
Trace|Image 16 offset is 7234...
Debug|Encoding image 16...
Trace|Extracting palette...
Trace|Palette item 0: R FF, G FF, B FF
Trace|Palette item 1: R 00, G 00, B 00
Trace|Writing image header...
Trace|Width: 7, Height: 10, RowLength: 1
Trace|BPP: 1, PaletteColors: 2, Transaparency: 0
Trace|Writing palette...
Trace|Writing image...
Trace|Image 17 offset is 7268...
Debug|Encoding image 17...
Trace|Extracting palette...
Trace|Palette item 0: R FF, G FF, B FF
Trace|Palette item 1: R 00, G 00, B 00
Trace|Writing image header...
Trace|Width: 7, Height: 10, RowLength: 1
Trace|BPP: 1, PaletteColors: 2, Transaparency: 0
Trace|Writing palette...
Trace|Writing image...
Trace|Image 18 offset is 7302...
Debug|Encoding image 18...
Trace|Extracting palette...
Trace|Palette item 0: R FF, G FF, B FF
Trace|Palette item 1: R 00, G 00, B 00
Trace|Writing image header...
Trace|Width: 7, Height: 10, RowLength: 1
Trace|BPP: 1, PaletteColors: 2, Transaparency: 0
Trace|Writing palette...
Trace|Writing image...
Trace|Image 19 offset is 7336...
Debug|Encoding image 19...
Trace|Extracting palette...
Trace|Palette item 0: R FF, G FF, B FF
Trace|Palette item 1: R 00, G 00, B 00
Trace|Writing image header...
Trace|Width: 7, Height: 10, RowLength: 1
Trace|BPP: 1, PaletteColors: 2, Transaparency: 0
Trace|Writing palette...
Trace|Writing image...
Trace|Image 20 offset is 7370...
Debug|Encoding image 20...
Trace|Extracting palette...
Trace|Palette item 0: R FF, G FF, B FF
Trace|Palette item 1: R 00, G 00, B 00
Trace|Writing image header...
Trace|Width: 7, Height: 10, RowLength: 1
Trace|BPP: 1, PaletteColors: 2, Transaparency: 0
Trace|Writing palette...
Trace|Writing image...
Trace|Image 21 offset is 7404...
Debug|Encoding image 21...
Trace|Extracting palette...
Trace|Palette item 0: R FF, G FF, B FF
Trace|Palette item 1: R 00, G 00, B 00
Trace|Writing image header...
Trace|Width: 7, Height: 10, RowLength: 1
Trace|BPP: 1, PaletteColors: 2, Transaparency: 0
Trace|Writing palette...
Trace|Writing image...
Trace|Image 22 offset is 7438...
Debug|Encoding image 22...
Trace|Extracting palette...
Trace|Palette item 0: R FF, G FF, B FF
Trace|Palette item 1: R 00, G 00, B 00
Trace|Writing image header...
Trace|Width: 7, Height: 10, RowLength: 1
Trace|BPP: 1, PaletteColors: 2, Transaparency: 0
Trace|Writing palette...
Trace|Writing image...
Trace|Image 23 offset is 7472...
Debug|Encoding image 23...
Trace|Extracting palette...
Trace|Palette item 0: R FF, G FF, B FF
Trace|Palette item 1: R 00, G 00, B 00
Trace|Writing image header...
Trace|Width: 20, Height: 10, RowLength: 3
Trace|BPP: 1, PaletteColors: 2, Transaparency: 0
Trace|Writing palette...
Trace|Writing image...
Trace|Image 24 offset is 7526...
Debug|Encoding image 24...
Trace|Extracting palette...
Trace|Palette item 0: R FF, G FF, B FF
Trace|Palette item 1: R 00, G 00, B 00
Trace|Writing image header...
Trace|Width: 20, Height: 10, RowLength: 3
Trace|BPP: 1, PaletteColors: 2, Transaparency: 0
Trace|Writing palette...
Trace|Writing image...
Trace|Image 25 offset is 7580...
Debug|Encoding image 25...
Trace|Extracting palette...
Trace|Palette item 0: R FF, G FF, B FF
Trace|Palette item 1: R 00, G 00, B 00
Trace|Writing image header...
Trace|Width: 20, Height: 10, RowLength: 3
Trace|BPP: 1, PaletteColors: 2, Transaparency: 0
Trace|Writing palette...
Trace|Writing image...
Trace|Image 26 offset is 7634...
Debug|Encoding image 26...
Trace|Extracting palette...
Trace|Palette item 0: R FF, G FF, B FF
Trace|Palette item 1: R 00, G 00, B 00
Trace|Writing image header...
Trace|Width: 20, Height: 10, RowLength: 3
Trace|BPP: 1, PaletteColors: 2, Transaparency: 0
Trace|Writing palette...
Trace|Writing image...
Trace|Image 27 offset is 7688...
Debug|Encoding image 27...
Trace|Extracting palette...
Trace|Palette item 0: R FF, G FF, B FF
Trace|Palette item 1: R 00, G 00, B 00
Trace|Writing image header...
Trace|Width: 20, Height: 10, RowLength: 3
Trace|BPP: 1, PaletteColors: 2, Transaparency: 0
Trace|Writing palette...
Trace|Writing image...
Trace|Image 28 offset is 7742...
Debug|Encoding image 28...
Trace|Extracting palette...
Trace|Palette item 0: R FF, G FF, B FF
Trace|Palette item 1: R 00, G 00, B 00
Trace|Writing image header...
Trace|Width: 20, Height: 10, RowLength: 3
Trace|BPP: 1, PaletteColors: 2, Transaparency: 0
Trace|Writing palette...
Trace|Writing image...
Trace|Writing images offsets table
Debug|Writing images
